<!DOCTYPE html PUBLIC "-//W3C//DTD XHTML 1.1//EN" "http://www.w3.org/TR/xhtml11/DTD/xhtml11.dtd">
<html xmlns="http://www.w3.org/1999/xhtml"><head><title>TestNG Report</title><style type="text/css">table {margin-bottom:10px;border-collapse:collapse;empty-cells:show}th,td {border:1px solid #009;padding:.25em .5em}th {vertical-align:bottom}td {vertical-align:top}table a {font-weight:bold}.stripe td {background-color: #E6EBF9}.num {text-align:right}.passedodd td {background-color: #3F3}.passedeven td {background-color: #0A0}.skippedodd td {background-color: #DDD}.skippedeven td {background-color: #CCC}.failedodd td,.attn {background-color: #F33}.failedeven td,.stripe .attn {background-color: #D00}.stacktrace {white-space:pre;font-family:monospace}.totop {font-size:85%;text-align:center;border-bottom:2px solid #000}</style></head><body><table><tr><th>Test</th><th># Passed</th><th># Skipped</th><th># Failed</th><th>Time (ms)</th><th>Included Groups</th><th>Excluded Groups</th></tr><tr><th colspan="7">FreeCRM Automation</th></tr><tr><td><a href="#t0">Freecrm Test</a></td><td class="num">13</td><td class="num">0</td><td class="num attn">2</td><td class="num">236,211</td><td></td><td></td></tr></table><table id='summary'><thead><tr><th>Class</th><th>Method</th><th>Start</th><th>Time (ms)</th></tr></thead><tbody><tr><th colspan="4">FreeCRM Automation</th></tr></tbody><tbody id="t0"><tr><th colspan="4">Freecrm Test &#8212; failed</th></tr><tr class="failedeven"><td rowspan="2">com.freecrm.testcases.ContactsPageTest</td><td><a href="#m0">selectMultipleContactsTest</a></td><td rowspan="1">1666073017854</td><td rowspan="1">1814</td></tr><tr class="failedeven"><td><a href="#m1">selectSingleContactsTest</a></td><td rowspan="1">1666072969937</td><td rowspan="1">2409</td></tr><tr><th colspan="4">Freecrm Test &#8212; passed</th></tr><tr class="passedeven"><td rowspan="4">com.freecrm.testcases.ContactsPageTest</td><td><a href="#m2">validateCreateNewContact</a></td><td rowspan="3">1666073106377</td><td rowspan="3">5325</td></tr><tr class="passedeven"><td><a href="#m3">validateCreateNewContact</a></td></tr><tr class="passedeven"><td><a href="#m4">validateCreateNewContact</a></td></tr><tr class="passedeven"><td><a href="#m5">verifyContactsPageLabel</a></td><td rowspan="1">1666072930547</td><td rowspan="1">2436</td></tr><tr class="passedodd"><td rowspan="5">com.freecrm.testcases.HomePageTest</td><td><a href="#m6">moveToContactsPage</a></td><td rowspan="1">1666073126046</td><td rowspan="1">78</td></tr><tr class="passedodd"><td><a href="#m7">verifyCalendarPage</a></td><td rowspan="1">1666073001519</td><td rowspan="1">2074</td></tr><tr class="passedodd"><td><a href="#m8">verifyCompaniesPage</a></td><td rowspan="1">1666073048734</td><td rowspan="1">2069</td></tr><tr class="passedodd"><td><a href="#m9">verifyTitle</a></td><td rowspan="1">1666072955646</td><td rowspan="1">13</td></tr><tr class="passedodd"><td><a href="#m10">verifyUserNameDisplayed</a></td><td rowspan="1">1666072913944</td><td rowspan="1">108</td></tr><tr class="passedeven"><td rowspan="4">com.freecrm.testcases.LogInPageTest</td><td><a href="#m11">validateLogin</a></td><td rowspan="1">1666073027189</td><td rowspan="1">6970</td></tr><tr class="passedeven"><td><a href="#m12">validateLogin_WrongCredentials</a></td><td rowspan="1">1666072979900</td><td rowspan="1">6688</td></tr><tr class="passedeven"><td><a href="#m13">validateLogo</a></td><td rowspan="1">1666072899485</td><td rowspan="1">177</td></tr><tr class="passedeven"><td><a href="#m14">validateTitle</a></td><td rowspan="1">1666072940232</td><td rowspan="1">13</td></tr></tbody></table><h2>Freecrm Test</h2><h3 id="m0">com.freecrm.testcases.ContactsPageTest#selectMultipleContactsTest</h3><table class="result"><tr><th>Exception</th></tr><tr><td><div class="stacktrace">org.openqa.selenium.NoSuchElementException: no such element: Unable to locate element: {&quot;method&quot;:&quot;xpath&quot;,&quot;selector&quot;:&quot;//a[contains(text(),&apos;Gojo&apos;)]//parent::td[@class=&apos;datalistrow&apos;]/preceding-sibling::td[@class=&apos;datalistrow&apos;]&quot;}
  (Session info: chrome=106.0.5249.119)
For documentation on this error, please visit: https://selenium.dev/exceptions/#no_such_element
Build info: version: &apos;4.5.0&apos;, revision: &apos;fe167b119a&apos;
System info: os.name: &apos;Linux&apos;, os.arch: &apos;amd64&apos;, os.version: &apos;5.15.0-50-generic&apos;, java.version: &apos;11.0.16&apos;
Driver info: org.openqa.selenium.chrome.ChromeDriver
Command: [126f34d7dc3cf419a5b0ef8e5055daaf, findElement {using=xpath, value=//a[contains(text(),&apos;Gojo&apos;)]//parent::td[@class=&apos;datalistrow&apos;]/preceding-sibling::td[@class=&apos;datalistrow&apos;]}]
Capabilities {acceptInsecureCerts: false, browserName: chrome, browserVersion: 106.0.5249.119, chrome: {chromedriverVersion: 106.0.5249.61 (511755355844..., userDataDir: /tmp/.com.google.Chrome.ub1mUM}, goog:chromeOptions: {debuggerAddress: localhost:36291}, networkConnectionEnabled: false, pageLoadStrategy: normal, platformName: LINUX, proxy: Proxy(), se:cdp: ws://localhost:36291/devtoo..., se:cdpVersion: 106.0.5249.119, setWindowRect: true, strictFileInteractability: false, timeouts: {implicit: 0, pageLoad: 300000, script: 30000}, unhandledPromptBehavior: dismiss and notify, webauthn:extension:credBlob: true, webauthn:extension:largeBlob: true, webauthn:virtualAuthenticators: true}
Session ID: 126f34d7dc3cf419a5b0ef8e5055daaf
	at org.openqa.selenium.remote.codec.w3c.W3CHttpResponseCodec.createException(W3CHttpResponseCodec.java:200)
	at org.openqa.selenium.remote.codec.w3c.W3CHttpResponseCodec.decode(W3CHttpResponseCodec.java:133)
	at org.openqa.selenium.remote.codec.w3c.W3CHttpResponseCodec.decode(W3CHttpResponseCodec.java:53)
	at org.openqa.selenium.remote.HttpCommandExecutor.execute(HttpCommandExecutor.java:184)
	at org.openqa.selenium.remote.service.DriverCommandExecutor.invokeExecute(DriverCommandExecutor.java:167)
	at org.openqa.selenium.remote.service.DriverCommandExecutor.execute(DriverCommandExecutor.java:142)
	at org.openqa.selenium.remote.RemoteWebDriver.execute(RemoteWebDriver.java:547)
	at org.openqa.selenium.remote.ElementLocation$ElementFinder$2.findElement(ElementLocation.java:162)
	at org.openqa.selenium.remote.ElementLocation.findElement(ElementLocation.java:60)
	at org.openqa.selenium.remote.RemoteWebDriver.findElement(RemoteWebDriver.java:365)
	at org.openqa.selenium.remote.RemoteWebDriver.findElement(RemoteWebDriver.java:357)
	at com.freecrm.pages.ContactsPage.selectContactsByName(ContactsPage.java:50)
	at com.freecrm.testcases.ContactsPageTest.selectMultipleContactsTest(ContactsPageTest.java:63)
... Removed 32 stack frames</div></td></tr></table><p class="totop"><a href="#summary">back to summary</a></p><h3 id="m1">com.freecrm.testcases.ContactsPageTest#selectSingleContactsTest</h3><table class="result"><tr><th>Exception</th></tr><tr><td><div class="stacktrace">org.openqa.selenium.NoSuchElementException: no such element: Unable to locate element: {&quot;method&quot;:&quot;xpath&quot;,&quot;selector&quot;:&quot;//a[contains(text(),&apos;Gojo&apos;)]//parent::td[@class=&apos;datalistrow&apos;]/preceding-sibling::td[@class=&apos;datalistrow&apos;]&quot;}
  (Session info: chrome=106.0.5249.119)
For documentation on this error, please visit: https://selenium.dev/exceptions/#no_such_element
Build info: version: &apos;4.5.0&apos;, revision: &apos;fe167b119a&apos;
System info: os.name: &apos;Linux&apos;, os.arch: &apos;amd64&apos;, os.version: &apos;5.15.0-50-generic&apos;, java.version: &apos;11.0.16&apos;
Driver info: org.openqa.selenium.chrome.ChromeDriver
Command: [ad5632361c07cea08805b024d3c31e4d, findElement {using=xpath, value=//a[contains(text(),&apos;Gojo&apos;)]//parent::td[@class=&apos;datalistrow&apos;]/preceding-sibling::td[@class=&apos;datalistrow&apos;]}]
Capabilities {acceptInsecureCerts: false, browserName: chrome, browserVersion: 106.0.5249.119, chrome: {chromedriverVersion: 106.0.5249.61 (511755355844..., userDataDir: /tmp/.com.google.Chrome.I9sbNb}, goog:chromeOptions: {debuggerAddress: localhost:37199}, networkConnectionEnabled: false, pageLoadStrategy: normal, platformName: LINUX, proxy: Proxy(), se:cdp: ws://localhost:37199/devtoo..., se:cdpVersion: 106.0.5249.119, setWindowRect: true, strictFileInteractability: false, timeouts: {implicit: 0, pageLoad: 300000, script: 30000}, unhandledPromptBehavior: dismiss and notify, webauthn:extension:credBlob: true, webauthn:extension:largeBlob: true, webauthn:virtualAuthenticators: true}
Session ID: ad5632361c07cea08805b024d3c31e4d
	at org.openqa.selenium.remote.codec.w3c.W3CHttpResponseCodec.createException(W3CHttpResponseCodec.java:200)
	at org.openqa.selenium.remote.codec.w3c.W3CHttpResponseCodec.decode(W3CHttpResponseCodec.java:133)
	at org.openqa.selenium.remote.codec.w3c.W3CHttpResponseCodec.decode(W3CHttpResponseCodec.java:53)
	at org.openqa.selenium.remote.HttpCommandExecutor.execute(HttpCommandExecutor.java:184)
	at org.openqa.selenium.remote.service.DriverCommandExecutor.invokeExecute(DriverCommandExecutor.java:167)
	at org.openqa.selenium.remote.service.DriverCommandExecutor.execute(DriverCommandExecutor.java:142)
	at org.openqa.selenium.remote.RemoteWebDriver.execute(RemoteWebDriver.java:547)
	at org.openqa.selenium.remote.ElementLocation$ElementFinder$2.findElement(ElementLocation.java:162)
	at org.openqa.selenium.remote.ElementLocation.findElement(ElementLocation.java:60)
	at org.openqa.selenium.remote.RemoteWebDriver.findElement(RemoteWebDriver.java:365)
	at org.openqa.selenium.remote.RemoteWebDriver.findElement(RemoteWebDriver.java:357)
	at com.freecrm.pages.ContactsPage.selectContactsByName(ContactsPage.java:50)
	at com.freecrm.testcases.ContactsPageTest.selectSingleContactsTest(ContactsPageTest.java:55)
... Removed 32 stack frames</div></td></tr></table><p class="totop"><a href="#summary">back to summary</a></p><h3 id="m2">com.freecrm.testcases.ContactsPageTest#validateCreateNewContact</h3><table class="result"><tr class="param"><th>Parameter #1</th><th>Parameter #2</th><th>Parameter #3</th><th>Parameter #4</th></tr><tr class="param stripe"><td>Mrs.</td><td>Mukta</td><td>Sharma</td><td>Ebay</td></tr></table><p class="totop"><a href="#summary">back to summary</a></p><h3 id="m3">com.freecrm.testcases.ContactsPageTest#validateCreateNewContact</h3><table class="result"><tr class="param"><th>Parameter #1</th><th>Parameter #2</th><th>Parameter #3</th><th>Parameter #4</th></tr><tr class="param stripe"><td>Dr.</td><td>David</td><td>Cris</td><td>Amazon</td></tr></table><p class="totop"><a href="#summary">back to summary</a></p><h3 id="m4">com.freecrm.testcases.ContactsPageTest#validateCreateNewContact</h3><table class="result"><tr class="param"><th>Parameter #1</th><th>Parameter #2</th><th>Parameter #3</th><th>Parameter #4</th></tr><tr class="param stripe"><td>Mr.</td><td>Tom</td><td>Peter</td><td>Google</td></tr></table><p class="totop"><a href="#summary">back to summary</a></p><h3 id="m5">com.freecrm.testcases.ContactsPageTest#verifyContactsPageLabel</h3><table class="result"></table><p class="totop"><a href="#summary">back to summary</a></p><h3 id="m6">com.freecrm.testcases.HomePageTest#moveToContactsPage</h3><table class="result"></table><p class="totop"><a href="#summary">back to summary</a></p><h3 id="m7">com.freecrm.testcases.HomePageTest#verifyCalendarPage</h3><table class="result"></table><p class="totop"><a href="#summary">back to summary</a></p><h3 id="m8">com.freecrm.testcases.HomePageTest#verifyCompaniesPage</h3><table class="result"></table><p class="totop"><a href="#summary">back to summary</a></p><h3 id="m9">com.freecrm.testcases.HomePageTest#verifyTitle</h3><table class="result"></table><p class="totop"><a href="#summary">back to summary</a></p><h3 id="m10">com.freecrm.testcases.HomePageTest#verifyUserNameDisplayed</h3><table class="result"></table><p class="totop"><a href="#summary">back to summary</a></p><h3 id="m11">com.freecrm.testcases.LogInPageTest#validateLogin</h3><table class="result"></table><p class="totop"><a href="#summary">back to summary</a></p><h3 id="m12">com.freecrm.testcases.LogInPageTest#validateLogin_WrongCredentials</h3><table class="result"></table><p class="totop"><a href="#summary">back to summary</a></p><h3 id="m13">com.freecrm.testcases.LogInPageTest#validateLogo</h3><table class="result"></table><p class="totop"><a href="#summary">back to summary</a></p><h3 id="m14">com.freecrm.testcases.LogInPageTest#validateTitle</h3><table class="result"></table><p class="totop"><a href="#summary">back to summary</a></p></body></html>