<?xml version="1.0" encoding="UTF-8"?>
<testng-results ignored="0" total="15" passed="13" failed="2" skipped="0">
  <reporter-output>
  </reporter-output>
  <suite started-at="2022-10-18T06:01:30Z" name="FreeCRM Automation" finished-at="2022-10-18T06:05:26Z" duration-ms="236211">
    <groups>
    </groups>
    <test started-at="2022-10-18T06:01:30Z" name="Freecrm Test" finished-at="2022-10-18T06:05:26Z" duration-ms="236211">
      <class name="com.freecrm.testcases.ContactsPageTest">
        <test-method is-config="true" signature="setup()[pri:0, instance:com.freecrm.testcases.ContactsPageTest@6a9287b1]" started-at="2022-10-18T11:31:54Z" name="setup" finished-at="2022-10-18T11:32:10Z" duration-ms="16371" status="PASS">
          <reporter-output>
          </reporter-output>
        </test-method> <!-- setup -->
        <test-method signature="verifyContactsPageLabel()[pri:1, instance:com.freecrm.testcases.ContactsPageTest@6a9287b1]" started-at="2022-10-18T11:32:10Z" name="verifyContactsPageLabel" finished-at="2022-10-18T11:32:12Z" duration-ms="2436" status="PASS">
          <reporter-output>
          </reporter-output>
        </test-method> <!-- verifyContactsPageLabel -->
        <test-method is-config="true" signature="tearDown()[pri:0, instance:com.freecrm.testcases.ContactsPageTest@6a9287b1]" started-at="2022-10-18T11:32:12Z" name="tearDown" finished-at="2022-10-18T11:32:13Z" duration-ms="102" status="PASS">
          <reporter-output>
          </reporter-output>
        </test-method> <!-- tearDown -->
        <test-method is-config="true" signature="setup()[pri:0, instance:com.freecrm.testcases.ContactsPageTest@6a9287b1]" started-at="2022-10-18T11:32:35Z" name="setup" finished-at="2022-10-18T11:32:49Z" duration-ms="14170" status="PASS">
          <reporter-output>
          </reporter-output>
        </test-method> <!-- setup -->
        <test-method signature="selectSingleContactsTest()[pri:2, instance:com.freecrm.testcases.ContactsPageTest@6a9287b1]" started-at="2022-10-18T11:32:49Z" name="selectSingleContactsTest" finished-at="2022-10-18T11:32:52Z" duration-ms="2409" status="FAIL">
          <exception class="org.openqa.selenium.NoSuchElementException">
            <message>
              <![CDATA[no such element: Unable to locate element: {"method":"xpath","selector":"//a[contains(text(),'Gojo')]//parent::td[@class='datalistrow']/preceding-sibling::td[@class='datalistrow']"}
  (Session info: chrome=106.0.5249.119)
For documentation on this error, please visit: https://selenium.dev/exceptions/#no_such_element
Build info: version: '4.5.0', revision: 'fe167b119a'
System info: os.name: 'Linux', os.arch: 'amd64', os.version: '5.15.0-50-generic', java.version: '11.0.16'
Driver info: org.openqa.selenium.chrome.ChromeDriver
Command: [ad5632361c07cea08805b024d3c31e4d, findElement {using=xpath, value=//a[contains(text(),'Gojo')]//parent::td[@class='datalistrow']/preceding-sibling::td[@class='datalistrow']}]
Capabilities {acceptInsecureCerts: false, browserName: chrome, browserVersion: 106.0.5249.119, chrome: {chromedriverVersion: 106.0.5249.61 (511755355844..., userDataDir: /tmp/.com.google.Chrome.I9sbNb}, goog:chromeOptions: {debuggerAddress: localhost:37199}, networkConnectionEnabled: false, pageLoadStrategy: normal, platformName: LINUX, proxy: Proxy(), se:cdp: ws://localhost:37199/devtoo..., se:cdpVersion: 106.0.5249.119, setWindowRect: true, strictFileInteractability: false, timeouts: {implicit: 0, pageLoad: 300000, script: 30000}, unhandledPromptBehavior: dismiss and notify, webauthn:extension:credBlob: true, webauthn:extension:largeBlob: true, webauthn:virtualAuthenticators: true}
Session ID: ad5632361c07cea08805b024d3c31e4d]]>
            </message>
            <full-stacktrace>
              <![CDATA[org.openqa.selenium.NoSuchElementException: no such element: Unable to locate element: {"method":"xpath","selector":"//a[contains(text(),'Gojo')]//parent::td[@class='datalistrow']/preceding-sibling::td[@class='datalistrow']"}
  (Session info: chrome=106.0.5249.119)
For documentation on this error, please visit: https://selenium.dev/exceptions/#no_such_element
Build info: version: '4.5.0', revision: 'fe167b119a'
System info: os.name: 'Linux', os.arch: 'amd64', os.version: '5.15.0-50-generic', java.version: '11.0.16'
Driver info: org.openqa.selenium.chrome.ChromeDriver
Command: [ad5632361c07cea08805b024d3c31e4d, findElement {using=xpath, value=//a[contains(text(),'Gojo')]//parent::td[@class='datalistrow']/preceding-sibling::td[@class='datalistrow']}]
Capabilities {acceptInsecureCerts: false, browserName: chrome, browserVersion: 106.0.5249.119, chrome: {chromedriverVersion: 106.0.5249.61 (511755355844..., userDataDir: /tmp/.com.google.Chrome.I9sbNb}, goog:chromeOptions: {debuggerAddress: localhost:37199}, networkConnectionEnabled: false, pageLoadStrategy: normal, platformName: LINUX, proxy: Proxy(), se:cdp: ws://localhost:37199/devtoo..., se:cdpVersion: 106.0.5249.119, setWindowRect: true, strictFileInteractability: false, timeouts: {implicit: 0, pageLoad: 300000, script: 30000}, unhandledPromptBehavior: dismiss and notify, webauthn:extension:credBlob: true, webauthn:extension:largeBlob: true, webauthn:virtualAuthenticators: true}
Session ID: ad5632361c07cea08805b024d3c31e4d
	at java.base/jdk.internal.reflect.NativeConstructorAccessorImpl.newInstance0(Native Method)
	at java.base/jdk.internal.reflect.NativeConstructorAccessorImpl.newInstance(NativeConstructorAccessorImpl.java:62)
	at java.base/jdk.internal.reflect.DelegatingConstructorAccessorImpl.newInstance(DelegatingConstructorAccessorImpl.java:45)
	at java.base/java.lang.reflect.Constructor.newInstance(Constructor.java:490)
	at org.openqa.selenium.remote.codec.w3c.W3CHttpResponseCodec.createException(W3CHttpResponseCodec.java:200)
	at org.openqa.selenium.remote.codec.w3c.W3CHttpResponseCodec.decode(W3CHttpResponseCodec.java:133)
	at org.openqa.selenium.remote.codec.w3c.W3CHttpResponseCodec.decode(W3CHttpResponseCodec.java:53)
	at org.openqa.selenium.remote.HttpCommandExecutor.execute(HttpCommandExecutor.java:184)
	at org.openqa.selenium.remote.service.DriverCommandExecutor.invokeExecute(DriverCommandExecutor.java:167)
	at org.openqa.selenium.remote.service.DriverCommandExecutor.execute(DriverCommandExecutor.java:142)
	at org.openqa.selenium.remote.RemoteWebDriver.execute(RemoteWebDriver.java:547)
	at org.openqa.selenium.remote.ElementLocation$ElementFinder$2.findElement(ElementLocation.java:162)
	at org.openqa.selenium.remote.ElementLocation.findElement(ElementLocation.java:60)
	at org.openqa.selenium.remote.RemoteWebDriver.findElement(RemoteWebDriver.java:365)
	at org.openqa.selenium.remote.RemoteWebDriver.findElement(RemoteWebDriver.java:357)
	at com.freecrm.pages.ContactsPage.selectContactsByName(ContactsPage.java:50)
	at com.freecrm.testcases.ContactsPageTest.selectSingleContactsTest(ContactsPageTest.java:55)
	at java.base/jdk.internal.reflect.NativeMethodAccessorImpl.invoke0(Native Method)
	at java.base/jdk.internal.reflect.NativeMethodAccessorImpl.invoke(NativeMethodAccessorImpl.java:62)
	at java.base/jdk.internal.reflect.DelegatingMethodAccessorImpl.invoke(DelegatingMethodAccessorImpl.java:43)
	at java.base/java.lang.reflect.Method.invoke(Method.java:566)
	at org.testng.internal.MethodInvocationHelper.invokeMethod(MethodInvocationHelper.java:108)
	at org.testng.internal.Invoker.invokeMethod(Invoker.java:661)
	at org.testng.internal.Invoker.invokeTestMethod(Invoker.java:869)
	at org.testng.internal.Invoker.invokeTestMethods(Invoker.java:1193)
	at org.testng.internal.TestMethodWorker.invokeTestMethods(TestMethodWorker.java:126)
	at org.testng.internal.TestMethodWorker.run(TestMethodWorker.java:109)
	at org.testng.TestRunner.privateRun(TestRunner.java:744)
	at org.testng.TestRunner.run(TestRunner.java:602)
	at org.testng.SuiteRunner.runTest(SuiteRunner.java:380)
	at org.testng.SuiteRunner.runSequentially(SuiteRunner.java:375)
	at org.testng.SuiteRunner.privateRun(SuiteRunner.java:340)
	at org.testng.SuiteRunner.run(SuiteRunner.java:289)
	at org.testng.SuiteRunnerWorker.runSuite(SuiteRunnerWorker.java:52)
	at org.testng.SuiteRunnerWorker.run(SuiteRunnerWorker.java:86)
	at org.testng.TestNG.runSuitesSequentially(TestNG.java:1301)
	at org.testng.TestNG.runSuitesLocally(TestNG.java:1226)
	at org.testng.TestNG.runSuites(TestNG.java:1144)
	at org.testng.TestNG.run(TestNG.java:1115)
	at org.apache.maven.surefire.testng.TestNGExecutor.run(TestNGExecutor.java:283)
	at org.apache.maven.surefire.testng.TestNGXmlTestSuite.execute(TestNGXmlTestSuite.java:75)
	at org.apache.maven.surefire.testng.TestNGProvider.invoke(TestNGProvider.java:120)
	at org.apache.maven.surefire.booter.ForkedBooter.invokeProviderInSameClassLoader(ForkedBooter.java:386)
	at org.apache.maven.surefire.booter.ForkedBooter.runSuitesInProcess(ForkedBooter.java:323)
	at org.apache.maven.surefire.booter.ForkedBooter.main(ForkedBooter.java:143)
]]>
            </full-stacktrace>
          </exception> <!-- org.openqa.selenium.NoSuchElementException -->
          <reporter-output>
          </reporter-output>
        </test-method> <!-- selectSingleContactsTest -->
        <test-method is-config="true" signature="tearDown()[pri:0, instance:com.freecrm.testcases.ContactsPageTest@6a9287b1]" started-at="2022-10-18T11:32:52Z" name="tearDown" finished-at="2022-10-18T11:32:52Z" duration-ms="102" status="PASS">
          <reporter-output>
          </reporter-output>
        </test-method> <!-- tearDown -->
        <test-method is-config="true" signature="setup()[pri:0, instance:com.freecrm.testcases.ContactsPageTest@6a9287b1]" started-at="2022-10-18T11:33:23Z" name="setup" finished-at="2022-10-18T11:33:37Z" duration-ms="14084" status="PASS">
          <reporter-output>
          </reporter-output>
        </test-method> <!-- setup -->
        <test-method signature="selectMultipleContactsTest()[pri:3, instance:com.freecrm.testcases.ContactsPageTest@6a9287b1]" started-at="2022-10-18T11:33:37Z" name="selectMultipleContactsTest" finished-at="2022-10-18T11:33:39Z" duration-ms="1814" status="FAIL">
          <exception class="org.openqa.selenium.NoSuchElementException">
            <message>
              <![CDATA[no such element: Unable to locate element: {"method":"xpath","selector":"//a[contains(text(),'Gojo')]//parent::td[@class='datalistrow']/preceding-sibling::td[@class='datalistrow']"}
  (Session info: chrome=106.0.5249.119)
For documentation on this error, please visit: https://selenium.dev/exceptions/#no_such_element
Build info: version: '4.5.0', revision: 'fe167b119a'
System info: os.name: 'Linux', os.arch: 'amd64', os.version: '5.15.0-50-generic', java.version: '11.0.16'
Driver info: org.openqa.selenium.chrome.ChromeDriver
Command: [126f34d7dc3cf419a5b0ef8e5055daaf, findElement {using=xpath, value=//a[contains(text(),'Gojo')]//parent::td[@class='datalistrow']/preceding-sibling::td[@class='datalistrow']}]
Capabilities {acceptInsecureCerts: false, browserName: chrome, browserVersion: 106.0.5249.119, chrome: {chromedriverVersion: 106.0.5249.61 (511755355844..., userDataDir: /tmp/.com.google.Chrome.ub1mUM}, goog:chromeOptions: {debuggerAddress: localhost:36291}, networkConnectionEnabled: false, pageLoadStrategy: normal, platformName: LINUX, proxy: Proxy(), se:cdp: ws://localhost:36291/devtoo..., se:cdpVersion: 106.0.5249.119, setWindowRect: true, strictFileInteractability: false, timeouts: {implicit: 0, pageLoad: 300000, script: 30000}, unhandledPromptBehavior: dismiss and notify, webauthn:extension:credBlob: true, webauthn:extension:largeBlob: true, webauthn:virtualAuthenticators: true}
Session ID: 126f34d7dc3cf419a5b0ef8e5055daaf]]>
            </message>
            <full-stacktrace>
              <![CDATA[org.openqa.selenium.NoSuchElementException: no such element: Unable to locate element: {"method":"xpath","selector":"//a[contains(text(),'Gojo')]//parent::td[@class='datalistrow']/preceding-sibling::td[@class='datalistrow']"}
  (Session info: chrome=106.0.5249.119)
For documentation on this error, please visit: https://selenium.dev/exceptions/#no_such_element
Build info: version: '4.5.0', revision: 'fe167b119a'
System info: os.name: 'Linux', os.arch: 'amd64', os.version: '5.15.0-50-generic', java.version: '11.0.16'
Driver info: org.openqa.selenium.chrome.ChromeDriver
Command: [126f34d7dc3cf419a5b0ef8e5055daaf, findElement {using=xpath, value=//a[contains(text(),'Gojo')]//parent::td[@class='datalistrow']/preceding-sibling::td[@class='datalistrow']}]
Capabilities {acceptInsecureCerts: false, browserName: chrome, browserVersion: 106.0.5249.119, chrome: {chromedriverVersion: 106.0.5249.61 (511755355844..., userDataDir: /tmp/.com.google.Chrome.ub1mUM}, goog:chromeOptions: {debuggerAddress: localhost:36291}, networkConnectionEnabled: false, pageLoadStrategy: normal, platformName: LINUX, proxy: Proxy(), se:cdp: ws://localhost:36291/devtoo..., se:cdpVersion: 106.0.5249.119, setWindowRect: true, strictFileInteractability: false, timeouts: {implicit: 0, pageLoad: 300000, script: 30000}, unhandledPromptBehavior: dismiss and notify, webauthn:extension:credBlob: true, webauthn:extension:largeBlob: true, webauthn:virtualAuthenticators: true}
Session ID: 126f34d7dc3cf419a5b0ef8e5055daaf
	at java.base/jdk.internal.reflect.NativeConstructorAccessorImpl.newInstance0(Native Method)
	at java.base/jdk.internal.reflect.NativeConstructorAccessorImpl.newInstance(NativeConstructorAccessorImpl.java:62)
	at java.base/jdk.internal.reflect.DelegatingConstructorAccessorImpl.newInstance(DelegatingConstructorAccessorImpl.java:45)
	at java.base/java.lang.reflect.Constructor.newInstance(Constructor.java:490)
	at org.openqa.selenium.remote.codec.w3c.W3CHttpResponseCodec.createException(W3CHttpResponseCodec.java:200)
	at org.openqa.selenium.remote.codec.w3c.W3CHttpResponseCodec.decode(W3CHttpResponseCodec.java:133)
	at org.openqa.selenium.remote.codec.w3c.W3CHttpResponseCodec.decode(W3CHttpResponseCodec.java:53)
	at org.openqa.selenium.remote.HttpCommandExecutor.execute(HttpCommandExecutor.java:184)
	at org.openqa.selenium.remote.service.DriverCommandExecutor.invokeExecute(DriverCommandExecutor.java:167)
	at org.openqa.selenium.remote.service.DriverCommandExecutor.execute(DriverCommandExecutor.java:142)
	at org.openqa.selenium.remote.RemoteWebDriver.execute(RemoteWebDriver.java:547)
	at org.openqa.selenium.remote.ElementLocation$ElementFinder$2.findElement(ElementLocation.java:162)
	at org.openqa.selenium.remote.ElementLocation.findElement(ElementLocation.java:60)
	at org.openqa.selenium.remote.RemoteWebDriver.findElement(RemoteWebDriver.java:365)
	at org.openqa.selenium.remote.RemoteWebDriver.findElement(RemoteWebDriver.java:357)
	at com.freecrm.pages.ContactsPage.selectContactsByName(ContactsPage.java:50)
	at com.freecrm.testcases.ContactsPageTest.selectMultipleContactsTest(ContactsPageTest.java:63)
	at java.base/jdk.internal.reflect.NativeMethodAccessorImpl.invoke0(Native Method)
	at java.base/jdk.internal.reflect.NativeMethodAccessorImpl.invoke(NativeMethodAccessorImpl.java:62)
	at java.base/jdk.internal.reflect.DelegatingMethodAccessorImpl.invoke(DelegatingMethodAccessorImpl.java:43)
	at java.base/java.lang.reflect.Method.invoke(Method.java:566)
	at org.testng.internal.MethodInvocationHelper.invokeMethod(MethodInvocationHelper.java:108)
	at org.testng.internal.Invoker.invokeMethod(Invoker.java:661)
	at org.testng.internal.Invoker.invokeTestMethod(Invoker.java:869)
	at org.testng.internal.Invoker.invokeTestMethods(Invoker.java:1193)
	at org.testng.internal.TestMethodWorker.invokeTestMethods(TestMethodWorker.java:126)
	at org.testng.internal.TestMethodWorker.run(TestMethodWorker.java:109)
	at org.testng.TestRunner.privateRun(TestRunner.java:744)
	at org.testng.TestRunner.run(TestRunner.java:602)
	at org.testng.SuiteRunner.runTest(SuiteRunner.java:380)
	at org.testng.SuiteRunner.runSequentially(SuiteRunner.java:375)
	at org.testng.SuiteRunner.privateRun(SuiteRunner.java:340)
	at org.testng.SuiteRunner.run(SuiteRunner.java:289)
	at org.testng.SuiteRunnerWorker.runSuite(SuiteRunnerWorker.java:52)
	at org.testng.SuiteRunnerWorker.run(SuiteRunnerWorker.java:86)
	at org.testng.TestNG.runSuitesSequentially(TestNG.java:1301)
	at org.testng.TestNG.runSuitesLocally(TestNG.java:1226)
	at org.testng.TestNG.runSuites(TestNG.java:1144)
	at org.testng.TestNG.run(TestNG.java:1115)
	at org.apache.maven.surefire.testng.TestNGExecutor.run(TestNGExecutor.java:283)
	at org.apache.maven.surefire.testng.TestNGXmlTestSuite.execute(TestNGXmlTestSuite.java:75)
	at org.apache.maven.surefire.testng.TestNGProvider.invoke(TestNGProvider.java:120)
	at org.apache.maven.surefire.booter.ForkedBooter.invokeProviderInSameClassLoader(ForkedBooter.java:386)
	at org.apache.maven.surefire.booter.ForkedBooter.runSuitesInProcess(ForkedBooter.java:323)
	at org.apache.maven.surefire.booter.ForkedBooter.main(ForkedBooter.java:143)
]]>
            </full-stacktrace>
          </exception> <!-- org.openqa.selenium.NoSuchElementException -->
          <reporter-output>
          </reporter-output>
        </test-method> <!-- selectMultipleContactsTest -->
        <test-method is-config="true" signature="tearDown()[pri:0, instance:com.freecrm.testcases.ContactsPageTest@6a9287b1]" started-at="2022-10-18T11:33:39Z" name="tearDown" finished-at="2022-10-18T11:33:40Z" duration-ms="102" status="PASS">
          <reporter-output>
          </reporter-output>
        </test-method> <!-- tearDown -->
        <test-method is-config="true" signature="setup()[pri:0, instance:com.freecrm.testcases.ContactsPageTest@6a9287b1]" started-at="2022-10-18T11:34:11Z" name="setup" finished-at="2022-10-18T11:34:26Z" duration-ms="14652" status="PASS">
          <reporter-output>
          </reporter-output>
        </test-method> <!-- setup -->
        <test-method signature="validateCreateNewContact(java.lang.String, java.lang.String, java.lang.String, java.lang.String)[pri:4, instance:com.freecrm.testcases.ContactsPageTest@6a9287b1]" started-at="2022-10-18T11:34:26Z" name="validateCreateNewContact" data-provider="getCRMTestData" finished-at="2022-10-18T11:34:31Z" duration-ms="5507" status="PASS">
          <params>
            <param index="0">
              <value>
                <![CDATA[Mr.]]>
              </value>
            </param>
            <param index="1">
              <value>
                <![CDATA[Tom]]>
              </value>
            </param>
            <param index="2">
              <value>
                <![CDATA[Peter]]>
              </value>
            </param>
            <param index="3">
              <value>
                <![CDATA[Google]]>
              </value>
            </param>
          </params>
          <reporter-output>
          </reporter-output>
        </test-method> <!-- validateCreateNewContact -->
        <test-method is-config="true" signature="tearDown()[pri:0, instance:com.freecrm.testcases.ContactsPageTest@6a9287b1]" started-at="2022-10-18T11:34:31Z" name="tearDown" finished-at="2022-10-18T11:34:31Z" duration-ms="102" status="PASS">
          <reporter-output>
          </reporter-output>
        </test-method> <!-- tearDown -->
        <test-method is-config="true" signature="setup()[pri:0, instance:com.freecrm.testcases.ContactsPageTest@6a9287b1]" started-at="2022-10-18T11:34:31Z" name="setup" finished-at="2022-10-18T11:34:46Z" duration-ms="14381" status="PASS">
          <reporter-output>
          </reporter-output>
        </test-method> <!-- setup -->
        <test-method signature="validateCreateNewContact(java.lang.String, java.lang.String, java.lang.String, java.lang.String)[pri:4, instance:com.freecrm.testcases.ContactsPageTest@6a9287b1]" started-at="2022-10-18T11:34:46Z" name="validateCreateNewContact" data-provider="getCRMTestData" finished-at="2022-10-18T11:34:51Z" duration-ms="5257" status="PASS">
          <params>
            <param index="0">
              <value>
                <![CDATA[Dr.]]>
              </value>
            </param>
            <param index="1">
              <value>
                <![CDATA[David]]>
              </value>
            </param>
            <param index="2">
              <value>
                <![CDATA[Cris]]>
              </value>
            </param>
            <param index="3">
              <value>
                <![CDATA[Amazon]]>
              </value>
            </param>
          </params>
          <reporter-output>
          </reporter-output>
        </test-method> <!-- validateCreateNewContact -->
        <test-method is-config="true" signature="tearDown()[pri:0, instance:com.freecrm.testcases.ContactsPageTest@6a9287b1]" started-at="2022-10-18T11:34:51Z" name="tearDown" finished-at="2022-10-18T11:34:51Z" duration-ms="101" status="PASS">
          <reporter-output>
          </reporter-output>
        </test-method> <!-- tearDown -->
        <test-method is-config="true" signature="setup()[pri:0, instance:com.freecrm.testcases.ContactsPageTest@6a9287b1]" started-at="2022-10-18T11:34:51Z" name="setup" finished-at="2022-10-18T11:35:06Z" duration-ms="14680" status="PASS">
          <reporter-output>
          </reporter-output>
        </test-method> <!-- setup -->
        <test-method signature="validateCreateNewContact(java.lang.String, java.lang.String, java.lang.String, java.lang.String)[pri:4, instance:com.freecrm.testcases.ContactsPageTest@6a9287b1]" started-at="2022-10-18T11:35:06Z" name="validateCreateNewContact" data-provider="getCRMTestData" finished-at="2022-10-18T11:35:11Z" duration-ms="5325" status="PASS">
          <params>
            <param index="0">
              <value>
                <![CDATA[Mrs.]]>
              </value>
            </param>
            <param index="1">
              <value>
                <![CDATA[Mukta]]>
              </value>
            </param>
            <param index="2">
              <value>
                <![CDATA[Sharma]]>
              </value>
            </param>
            <param index="3">
              <value>
                <![CDATA[Ebay]]>
              </value>
            </param>
          </params>
          <reporter-output>
          </reporter-output>
        </test-method> <!-- validateCreateNewContact -->
        <test-method is-config="true" signature="tearDown()[pri:0, instance:com.freecrm.testcases.ContactsPageTest@6a9287b1]" started-at="2022-10-18T11:35:11Z" name="tearDown" finished-at="2022-10-18T11:35:11Z" duration-ms="103" status="PASS">
          <reporter-output>
          </reporter-output>
        </test-method> <!-- tearDown -->
      </class> <!-- com.freecrm.testcases.ContactsPageTest -->
      <class name="com.freecrm.testcases.HomePageTest">
        <test-method is-config="true" signature="setup()[pri:0, instance:com.freecrm.testcases.HomePageTest@66eb985d]" started-at="2022-10-18T11:31:39Z" name="setup" finished-at="2022-10-18T11:31:53Z" duration-ms="14139" status="PASS">
          <reporter-output>
          </reporter-output>
        </test-method> <!-- setup -->
        <test-method signature="verifyUserNameDisplayed()[pri:1, instance:com.freecrm.testcases.HomePageTest@66eb985d]" started-at="2022-10-18T11:31:53Z" name="verifyUserNameDisplayed" finished-at="2022-10-18T11:31:54Z" duration-ms="108" status="PASS">
          <reporter-output>
          </reporter-output>
        </test-method> <!-- verifyUserNameDisplayed -->
        <test-method is-config="true" signature="tearDown()[pri:0, instance:com.freecrm.testcases.HomePageTest@66eb985d]" started-at="2022-10-18T11:31:54Z" name="tearDown" finished-at="2022-10-18T11:31:54Z" duration-ms="113" status="PASS">
          <reporter-output>
          </reporter-output>
        </test-method> <!-- tearDown -->
        <test-method is-config="true" signature="setup()[pri:0, instance:com.freecrm.testcases.HomePageTest@66eb985d]" started-at="2022-10-18T11:32:20Z" name="setup" finished-at="2022-10-18T11:32:35Z" duration-ms="15295" status="PASS">
          <reporter-output>
          </reporter-output>
        </test-method> <!-- setup -->
        <test-method signature="verifyTitle()[pri:2, instance:com.freecrm.testcases.HomePageTest@66eb985d]" started-at="2022-10-18T11:32:35Z" name="verifyTitle" finished-at="2022-10-18T11:32:35Z" duration-ms="13" status="PASS">
          <reporter-output>
          </reporter-output>
        </test-method> <!-- verifyTitle -->
        <test-method is-config="true" signature="tearDown()[pri:0, instance:com.freecrm.testcases.HomePageTest@66eb985d]" started-at="2022-10-18T11:32:35Z" name="tearDown" finished-at="2022-10-18T11:32:35Z" duration-ms="104" status="PASS">
          <reporter-output>
          </reporter-output>
        </test-method> <!-- tearDown -->
        <test-method is-config="true" signature="setup()[pri:0, instance:com.freecrm.testcases.HomePageTest@66eb985d]" started-at="2022-10-18T11:33:06Z" name="setup" finished-at="2022-10-18T11:33:21Z" duration-ms="14782" status="PASS">
          <reporter-output>
          </reporter-output>
        </test-method> <!-- setup -->
        <test-method signature="verifyCalendarPage()[pri:3, instance:com.freecrm.testcases.HomePageTest@66eb985d]" started-at="2022-10-18T11:33:21Z" name="verifyCalendarPage" finished-at="2022-10-18T11:33:23Z" duration-ms="2074" status="PASS">
          <reporter-output>
          </reporter-output>
        </test-method> <!-- verifyCalendarPage -->
        <test-method is-config="true" signature="tearDown()[pri:0, instance:com.freecrm.testcases.HomePageTest@66eb985d]" started-at="2022-10-18T11:33:23Z" name="tearDown" finished-at="2022-10-18T11:33:23Z" duration-ms="103" status="PASS">
          <reporter-output>
          </reporter-output>
        </test-method> <!-- tearDown -->
        <test-method is-config="true" signature="setup()[pri:0, instance:com.freecrm.testcases.HomePageTest@66eb985d]" started-at="2022-10-18T11:33:54Z" name="setup" finished-at="2022-10-18T11:34:08Z" duration-ms="14469" status="PASS">
          <reporter-output>
          </reporter-output>
        </test-method> <!-- setup -->
        <test-method signature="verifyCompaniesPage()[pri:4, instance:com.freecrm.testcases.HomePageTest@66eb985d]" started-at="2022-10-18T11:34:08Z" name="verifyCompaniesPage" finished-at="2022-10-18T11:34:10Z" duration-ms="2069" status="PASS">
          <reporter-output>
          </reporter-output>
        </test-method> <!-- verifyCompaniesPage -->
        <test-method is-config="true" signature="tearDown()[pri:0, instance:com.freecrm.testcases.HomePageTest@66eb985d]" started-at="2022-10-18T11:34:10Z" name="tearDown" finished-at="2022-10-18T11:34:10Z" duration-ms="102" status="PASS">
          <reporter-output>
          </reporter-output>
        </test-method> <!-- tearDown -->
        <test-method is-config="true" signature="setup()[pri:0, instance:com.freecrm.testcases.HomePageTest@66eb985d]" started-at="2022-10-18T11:35:11Z" name="setup" finished-at="2022-10-18T11:35:26Z" duration-ms="14229" status="PASS">
          <reporter-output>
          </reporter-output>
        </test-method> <!-- setup -->
        <test-method signature="moveToContactsPage()[pri:5, instance:com.freecrm.testcases.HomePageTest@66eb985d]" started-at="2022-10-18T11:35:26Z" name="moveToContactsPage" finished-at="2022-10-18T11:35:26Z" duration-ms="78" status="PASS">
          <reporter-output>
          </reporter-output>
        </test-method> <!-- moveToContactsPage -->
        <test-method is-config="true" signature="tearDown()[pri:0, instance:com.freecrm.testcases.HomePageTest@66eb985d]" started-at="2022-10-18T11:35:26Z" name="tearDown" finished-at="2022-10-18T11:35:26Z" duration-ms="107" status="PASS">
          <reporter-output>
          </reporter-output>
        </test-method> <!-- tearDown -->
      </class> <!-- com.freecrm.testcases.HomePageTest -->
      <class name="com.freecrm.testcases.LogInPageTest">
        <test-method is-config="true" signature="setup()[pri:0, instance:com.freecrm.testcases.LogInPageTest@7dcc91fd]" started-at="2022-10-18T11:31:30Z" name="setup" finished-at="2022-10-18T11:31:39Z" duration-ms="9292" status="PASS">
          <reporter-output>
          </reporter-output>
        </test-method> <!-- setup -->
        <test-method signature="validateLogo()[pri:1, instance:com.freecrm.testcases.LogInPageTest@7dcc91fd]" started-at="2022-10-18T11:31:39Z" name="validateLogo" finished-at="2022-10-18T11:31:39Z" duration-ms="177" status="PASS">
          <reporter-output>
          </reporter-output>
        </test-method> <!-- validateLogo -->
        <test-method is-config="true" signature="tearDown()[pri:0, instance:com.freecrm.testcases.LogInPageTest@7dcc91fd]" started-at="2022-10-18T11:31:39Z" name="tearDown" finished-at="2022-10-18T11:31:39Z" duration-ms="122" status="PASS">
          <reporter-output>
          </reporter-output>
        </test-method> <!-- tearDown -->
        <test-method is-config="true" signature="setup()[pri:0, instance:com.freecrm.testcases.LogInPageTest@7dcc91fd]" started-at="2022-10-18T11:32:13Z" name="setup" finished-at="2022-10-18T11:32:20Z" duration-ms="7144" status="PASS">
          <reporter-output>
          </reporter-output>
        </test-method> <!-- setup -->
        <test-method signature="validateTitle()[pri:2, instance:com.freecrm.testcases.LogInPageTest@7dcc91fd]" started-at="2022-10-18T11:32:20Z" name="validateTitle" finished-at="2022-10-18T11:32:20Z" duration-ms="13" status="PASS">
          <reporter-output>
          </reporter-output>
        </test-method> <!-- validateTitle -->
        <test-method is-config="true" signature="tearDown()[pri:0, instance:com.freecrm.testcases.LogInPageTest@7dcc91fd]" started-at="2022-10-18T11:32:20Z" name="tearDown" finished-at="2022-10-18T11:32:20Z" duration-ms="103" status="PASS">
          <reporter-output>
          </reporter-output>
        </test-method> <!-- tearDown -->
        <test-method is-config="true" signature="setup()[pri:0, instance:com.freecrm.testcases.LogInPageTest@7dcc91fd]" started-at="2022-10-18T11:32:52Z" name="setup" finished-at="2022-10-18T11:32:59Z" duration-ms="7138" status="PASS">
          <reporter-output>
          </reporter-output>
        </test-method> <!-- setup -->
        <test-method signature="validateLogin_WrongCredentials()[pri:3, instance:com.freecrm.testcases.LogInPageTest@7dcc91fd]" started-at="2022-10-18T11:32:59Z" name="validateLogin_WrongCredentials" finished-at="2022-10-18T11:33:06Z" duration-ms="6688" status="PASS">
          <reporter-output>
          </reporter-output>
        </test-method> <!-- validateLogin_WrongCredentials -->
        <test-method is-config="true" signature="tearDown()[pri:0, instance:com.freecrm.testcases.LogInPageTest@7dcc91fd]" started-at="2022-10-18T11:33:06Z" name="tearDown" finished-at="2022-10-18T11:33:06Z" duration-ms="103" status="PASS">
          <reporter-output>
          </reporter-output>
        </test-method> <!-- tearDown -->
        <test-method is-config="true" signature="setup()[pri:0, instance:com.freecrm.testcases.LogInPageTest@7dcc91fd]" started-at="2022-10-18T11:33:40Z" name="setup" finished-at="2022-10-18T11:33:47Z" duration-ms="7097" status="PASS">
          <reporter-output>
          </reporter-output>
        </test-method> <!-- setup -->
        <test-method signature="validateLogin()[pri:4, instance:com.freecrm.testcases.LogInPageTest@7dcc91fd]" started-at="2022-10-18T11:33:47Z" name="validateLogin" finished-at="2022-10-18T11:33:54Z" duration-ms="6970" status="PASS">
          <reporter-output>
          </reporter-output>
        </test-method> <!-- validateLogin -->
        <test-method is-config="true" signature="tearDown()[pri:0, instance:com.freecrm.testcases.LogInPageTest@7dcc91fd]" started-at="2022-10-18T11:33:54Z" name="tearDown" finished-at="2022-10-18T11:33:54Z" duration-ms="103" status="PASS">
          <reporter-output>
          </reporter-output>
        </test-method> <!-- tearDown -->
      </class> <!-- com.freecrm.testcases.LogInPageTest -->
    </test> <!-- Freecrm Test -->
  </suite> <!-- FreeCRM Automation -->
</testng-results>
